<?xml version="1.0" encoding="UTF-8"?>
<!-- Generated by org.testng.reporters.JUnitReportReporter -->
<testsuite hostname="USHYDHIRALLABA8" failures="0" tests="1" name="com.automationSample.FirstTest" time="15.709" errors="0" timestamp="2024-03-10T12:58:12 IST" skipped="0">
  <testcase classname="com.automationSample.FirstTest" name="test1" time="15.709"/>
  <system-out/>
</testsuite> <!-- com.automationSample.FirstTest -->
