<?xml version="1.0" encoding="UTF-8"?>
<!-- Generated by org.testng.reporters.JUnitReportReporter -->
<testsuite hostname="USHYDHIRALLABA8" failures="0" tests="1" name="com.automationSample.LinkedList" time="0.024" errors="0" timestamp="2024-04-06T16:41:25 IST" skipped="0">
  <testcase classname="com.automationSample.LinkedList" name="TestLinked" time="0.024"/>
  <system-out/>
</testsuite> <!-- com.automationSample.LinkedList -->
