<?xml version="1.0" encoding="UTF-8"?>
<!-- Generated by org.testng.reporters.JUnitReportReporter -->
<testsuite hostname="USHYDHIRALLABA8" failures="0" tests="1" name="com.automationSample.Combining2String" time="0.010" errors="0" timestamp="2024-03-11T22:07:23 IST" skipped="0">
  <testcase classname="com.automationSample.Combining2String" name="Combine" time="0.010"/>
  <system-out/>
</testsuite> <!-- com.automationSample.Combining2String -->
